2018-11-07 16:12:42.548 INFO  [1544] Logger 0 Initialized
2018-11-07 16:12:43.187 VERB  [1544] Set q8_usb_0 options to: "update_rate=fast;decimation=1;"
2018-11-07 16:12:43.188 VERB  [1544] Stopped watchdog on q8_usb_0
2018-11-07 16:12:43.188 VERB  [1544] Cleared watchdog on q8_usb_0
2018-11-07 16:12:43.189 VERB  [1544] Sanity check on q8_usb_0 passed
2018-11-07 16:12:43.189 VERB  [1544] Set q8_usb_0_AO expire values to {[0]:0, [1]:0, [2]:0, [3]:0, [4]:0, [5]:0, [6]:0, [7]:0}
2018-11-07 16:12:43.190 VERB  [1544] Set q8_usb_0_DO expire values to {[0]:0, [1]:0, [2]:0, [3]:0, [4]:0, [5]:0, [6]:0, [7]:0}
2018-11-07 16:12:43.201 INFO  [1544] Opened DAQ q8_usb_0
2018-11-07 16:12:43.204 VERB  [1544] Enabled q8_usb_0_AI
2018-11-07 16:12:43.204 VERB  [1544] Enabled q8_usb_0_AO
2018-11-07 16:12:43.205 VERB  [1544] Enabled q8_usb_0_DI
2018-11-07 16:12:43.206 VERB  [1544] Enabled q8_usb_0_DO
2018-11-07 16:12:43.206 VERB  [1544] Enabled q8_usb_0_encoder
2018-11-07 16:12:43.216 VERB  [1544] Enabled q8_usb_0
2018-11-07 16:13:30.663 INFO  [1544] Calibrated Haptic Paddle hall effect sensor
2018-11-07 16:13:30.730 INFO  [1544] Imported Haptic Paddle hall effect sensor calibration
2018-11-07 16:13:30.732 INFO  [1544] Imported Haptic Paddle hall effect sensor calibration
2018-11-07 16:13:30.733 INFO  [1544] Imported Haptic Paddle hall effect sensor calibration
2018-11-07 16:13:30.734 INFO  [1544] Imported Haptic Paddle hall effect sensor calibration
2018-11-07 16:13:30.737 INFO  [1544] Imported Haptic Paddle hall effect sensor calibration
2018-11-07 16:13:30.740 INFO  [1544] Imported Haptic Paddle hall effect sensor calibration
2018-11-07 16:13:30.747 INFO  [1544] Imported Haptic Paddle hall effect sensor calibration
2018-11-07 16:13:30.750 INFO  [1544] Imported Haptic Paddle hall effect sensor calibration
2018-11-07 16:13:30.757 INFO  [1544] Imported Haptic Paddle hall effect sensor calibration
2018-11-07 16:13:30.768 INFO  [1544] Imported Haptic Paddle hall effect sensor calibration
2018-11-07 16:13:30.775 INFO  [1544] Imported Haptic Paddle hall effect sensor calibration
2018-11-07 16:13:30.781 INFO  [1544] Imported Haptic Paddle hall effect sensor calibration
2018-11-07 16:13:30.785 INFO  [1544] Imported Haptic Paddle hall effect sensor calibration
2018-11-07 16:13:30.790 INFO  [1544] Imported Haptic Paddle hall effect sensor calibration
2018-11-07 16:13:30.796 INFO  [1544] Imported Haptic Paddle hall effect sensor calibration
2018-11-07 16:13:30.801 INFO  [1544] Imported Haptic Paddle hall effect sensor calibration
2018-11-07 16:13:30.805 INFO  [1544] Imported Haptic Paddle hall effect sensor calibration
2018-11-07 16:13:30.808 INFO  [1544] Imported Haptic Paddle hall effect sensor calibration
2018-11-07 16:13:30.812 INFO  [1544] Imported Haptic Paddle hall effect sensor calibration
2018-11-07 16:13:30.815 INFO  [1544] Imported Haptic Paddle hall effect sensor calibration
2018-11-07 16:13:30.818 INFO  [1544] Imported Haptic Paddle hall effect sensor calibration
2018-11-07 16:13:30.821 INFO  [1544] Imported Haptic Paddle hall effect sensor calibration
2018-11-07 16:13:30.825 INFO  [1544] Imported Haptic Paddle hall effect sensor calibration
2018-11-07 16:13:30.829 INFO  [1544] Imported Haptic Paddle hall effect sensor calibration
2018-11-07 16:13:30.832 INFO  [1544] Imported Haptic Paddle hall effect sensor calibration
2018-11-07 16:13:30.836 INFO  [1544] Imported Haptic Paddle hall effect sensor calibration
2018-11-07 16:13:30.840 INFO  [1544] Imported Haptic Paddle hall effect sensor calibration
2018-11-07 16:13:30.843 INFO  [1544] Imported Haptic Paddle hall effect sensor calibration
2018-11-07 16:13:30.847 INFO  [1544] Imported Haptic Paddle hall effect sensor calibration
2018-11-07 16:13:30.852 INFO  [1544] Imported Haptic Paddle hall effect sensor calibration
2018-11-07 16:13:30.856 INFO  [1544] Imported Haptic Paddle hall effect sensor calibration
2018-11-07 16:13:30.861 INFO  [1544] Imported Haptic Paddle hall effect sensor calibration
2018-11-07 16:13:30.863 INFO  [1544] Imported Haptic Paddle hall effect sensor calibration
2018-11-07 16:13:30.867 INFO  [1544] Imported Haptic Paddle hall effect sensor calibration
2018-11-07 16:13:30.871 INFO  [1544] Imported Haptic Paddle hall effect sensor calibration
2018-11-07 16:13:30.876 INFO  [1544] Imported Haptic Paddle hall effect sensor calibration
2018-11-07 16:13:30.881 INFO  [1544] Imported Haptic Paddle hall effect sensor calibration
2018-11-07 16:13:30.885 INFO  [1544] Imported Haptic Paddle hall effect sensor calibration
2018-11-07 16:13:30.890 INFO  [1544] Imported Haptic Paddle hall effect sensor calibration
2018-11-07 16:13:30.892 INFO  [1544] Imported Haptic Paddle hall effect sensor calibration
2018-11-07 16:13:30.897 INFO  [1544] Imported Haptic Paddle hall effect sensor calibration
2018-11-07 16:13:30.902 INFO  [1544] Imported Haptic Paddle hall effect sensor calibration
2018-11-07 16:13:30.906 INFO  [1544] Imported Haptic Paddle hall effect sensor calibration
2018-11-07 16:13:30.910 INFO  [1544] Imported Haptic Paddle hall effect sensor calibration
2018-11-07 16:13:30.914 INFO  [1544] Imported Haptic Paddle hall effect sensor calibration
2018-11-07 16:13:30.917 INFO  [1544] Imported Haptic Paddle hall effect sensor calibration
2018-11-07 16:13:30.921 INFO  [1544] Imported Haptic Paddle hall effect sensor calibration
2018-11-07 16:13:30.924 INFO  [1544] Imported Haptic Paddle hall effect sensor calibration
2018-11-07 16:13:30.928 INFO  [1544] Imported Haptic Paddle hall effect sensor calibration
2018-11-07 16:13:30.932 INFO  [1544] Imported Haptic Paddle hall effect sensor calibration
2018-11-07 16:13:30.935 INFO  [1544] Imported Haptic Paddle hall effect sensor calibration
2018-11-07 16:13:30.938 INFO  [1544] Imported Haptic Paddle hall effect sensor calibration
2018-11-07 16:13:30.942 INFO  [1544] Imported Haptic Paddle hall effect sensor calibration
2018-11-07 16:13:30.947 INFO  [1544] Imported Haptic Paddle hall effect sensor calibration
2018-11-07 16:13:30.949 INFO  [1544] Imported Haptic Paddle hall effect sensor calibration
2018-11-07 16:13:30.956 INFO  [1544] Imported Haptic Paddle hall effect sensor calibration
2018-11-07 16:13:30.960 INFO  [1544] Imported Haptic Paddle hall effect sensor calibration
2018-11-07 16:13:30.965 INFO  [1544] Imported Haptic Paddle hall effect sensor calibration
2018-11-07 16:13:30.970 INFO  [1544] Imported Haptic Paddle hall effect sensor calibration
2018-11-07 16:13:30.973 INFO  [1544] Imported Haptic Paddle hall effect sensor calibration
2018-11-07 16:13:30.978 INFO  [1544] Imported Haptic Paddle hall effect sensor calibration
2018-11-07 16:13:30.982 INFO  [1544] Imported Haptic Paddle hall effect sensor calibration
2018-11-07 16:13:30.985 INFO  [1544] Imported Haptic Paddle hall effect sensor calibration
2018-11-07 16:13:30.990 INFO  [1544] Imported Haptic Paddle hall effect sensor calibration
2018-11-07 16:13:30.994 INFO  [1544] Imported Haptic Paddle hall effect sensor calibration
2018-11-07 16:13:30.998 INFO  [1544] Imported Haptic Paddle hall effect sensor calibration
2018-11-07 16:13:31.004 INFO  [1544] Imported Haptic Paddle hall effect sensor calibration
2018-11-07 16:13:31.007 INFO  [1544] Imported Haptic Paddle hall effect sensor calibration
2018-11-07 16:13:31.014 INFO  [1544] Imported Haptic Paddle hall effect sensor calibration
2018-11-07 16:13:31.016 INFO  [1544] Imported Haptic Paddle hall effect sensor calibration
2018-11-07 16:13:31.023 INFO  [1544] Imported Haptic Paddle hall effect sensor calibration
2018-11-07 16:13:31.026 INFO  [1544] Imported Haptic Paddle hall effect sensor calibration
2018-11-07 16:13:31.030 INFO  [1544] Imported Haptic Paddle hall effect sensor calibration
2018-11-07 16:13:31.035 INFO  [1544] Imported Haptic Paddle hall effect sensor calibration
2018-11-07 16:13:31.038 INFO  [1544] Imported Haptic Paddle hall effect sensor calibration
2018-11-07 16:13:31.041 INFO  [1544] Imported Haptic Paddle hall effect sensor calibration
2018-11-07 16:13:31.047 INFO  [1544] Imported Haptic Paddle hall effect sensor calibration
2018-11-07 16:13:31.049 INFO  [1544] Imported Haptic Paddle hall effect sensor calibration
2018-11-07 16:13:31.052 INFO  [1544] Imported Haptic Paddle hall effect sensor calibration
2018-11-07 16:13:31.054 INFO  [1544] Imported Haptic Paddle hall effect sensor calibration
2018-11-07 16:13:31.060 INFO  [1544] Imported Haptic Paddle hall effect sensor calibration
2018-11-07 16:13:31.063 INFO  [1544] Imported Haptic Paddle hall effect sensor calibration
2018-11-07 16:13:31.067 INFO  [1544] Imported Haptic Paddle hall effect sensor calibration
2018-11-07 16:13:31.071 INFO  [1544] Imported Haptic Paddle hall effect sensor calibration
2018-11-07 16:13:31.074 INFO  [1544] Imported Haptic Paddle hall effect sensor calibration
2018-11-07 16:13:31.079 INFO  [1544] Imported Haptic Paddle hall effect sensor calibration
2018-11-07 16:13:31.082 INFO  [1544] Imported Haptic Paddle hall effect sensor calibration
2018-11-07 16:13:31.085 INFO  [1544] Imported Haptic Paddle hall effect sensor calibration
2018-11-07 16:13:31.090 INFO  [1544] Imported Haptic Paddle hall effect sensor calibration
2018-11-07 16:13:31.093 INFO  [1544] Imported Haptic Paddle hall effect sensor calibration
2018-11-07 16:13:31.096 INFO  [1544] Imported Haptic Paddle hall effect sensor calibration
2018-11-07 16:13:31.101 INFO  [1544] Imported Haptic Paddle hall effect sensor calibration
2018-11-07 16:13:31.105 INFO  [1544] Imported Haptic Paddle hall effect sensor calibration
2018-11-07 16:13:31.107 INFO  [1544] Imported Haptic Paddle hall effect sensor calibration
2018-11-07 16:13:31.112 INFO  [1544] Imported Haptic Paddle hall effect sensor calibration
2018-11-07 16:13:31.116 INFO  [1544] Imported Haptic Paddle hall effect sensor calibration
2018-11-07 16:13:31.118 INFO  [1544] Imported Haptic Paddle hall effect sensor calibration
2018-11-07 16:13:31.123 INFO  [1544] Imported Haptic Paddle hall effect sensor calibration
2018-11-07 16:13:31.127 INFO  [1544] Imported Haptic Paddle hall effect sensor calibration
2018-11-07 16:13:31.129 INFO  [1544] Imported Haptic Paddle hall effect sensor calibration
2018-11-07 16:13:31.134 INFO  [1544] Imported Haptic Paddle hall effect sensor calibration
2018-11-07 16:13:31.138 INFO  [1544] Imported Haptic Paddle hall effect sensor calibration
2018-11-07 16:13:31.142 INFO  [1544] Imported Haptic Paddle hall effect sensor calibration
2018-11-07 16:13:31.147 INFO  [1544] Imported Haptic Paddle hall effect sensor calibration
2018-11-07 16:13:31.150 INFO  [1544] Imported Haptic Paddle hall effect sensor calibration
2018-11-07 16:13:31.152 INFO  [1544] Imported Haptic Paddle hall effect sensor calibration
2018-11-07 16:13:31.157 INFO  [1544] Imported Haptic Paddle hall effect sensor calibration
2018-11-07 16:13:31.161 INFO  [1544] Imported Haptic Paddle hall effect sensor calibration
2018-11-07 16:13:31.165 INFO  [1544] Imported Haptic Paddle hall effect sensor calibration
2018-11-07 16:13:31.169 INFO  [1544] Imported Haptic Paddle hall effect sensor calibration
2018-11-07 16:13:31.173 INFO  [1544] Imported Haptic Paddle hall effect sensor calibration
2018-11-07 16:13:31.175 INFO  [1544] Imported Haptic Paddle hall effect sensor calibration
2018-11-07 16:13:31.182 INFO  [1544] Imported Haptic Paddle hall effect sensor calibration
2018-11-07 16:13:31.186 INFO  [1544] Imported Haptic Paddle hall effect sensor calibration
2018-11-07 16:13:31.191 INFO  [1544] Imported Haptic Paddle hall effect sensor calibration
2018-11-07 16:13:31.197 INFO  [1544] Imported Haptic Paddle hall effect sensor calibration
2018-11-07 16:13:31.199 INFO  [1544] Imported Haptic Paddle hall effect sensor calibration
2018-11-07 16:13:31.205 INFO  [1544] Imported Haptic Paddle hall effect sensor calibration
2018-11-07 16:13:31.208 INFO  [1544] Imported Haptic Paddle hall effect sensor calibration
2018-11-07 16:13:31.214 INFO  [1544] Imported Haptic Paddle hall effect sensor calibration
2018-11-07 16:13:31.217 INFO  [1544] Imported Haptic Paddle hall effect sensor calibration
2018-11-07 16:13:31.222 INFO  [1544] Imported Haptic Paddle hall effect sensor calibration
2018-11-07 16:13:31.227 INFO  [1544] Imported Haptic Paddle hall effect sensor calibration
2018-11-07 16:13:31.232 INFO  [1544] Imported Haptic Paddle hall effect sensor calibration
2018-11-07 16:13:31.236 INFO  [1544] Imported Haptic Paddle hall effect sensor calibration
2018-11-07 16:13:31.239 INFO  [1544] Imported Haptic Paddle hall effect sensor calibration
2018-11-07 16:13:31.244 INFO  [1544] Imported Haptic Paddle hall effect sensor calibration
2018-11-07 16:13:31.248 INFO  [1544] Imported Haptic Paddle hall effect sensor calibration
2018-11-07 16:13:31.252 INFO  [1544] Imported Haptic Paddle hall effect sensor calibration
2018-11-07 16:13:31.256 INFO  [1544] Imported Haptic Paddle hall effect sensor calibration
2018-11-07 16:13:31.258 INFO  [1544] Imported Haptic Paddle hall effect sensor calibration
2018-11-07 16:13:31.261 INFO  [1544] Imported Haptic Paddle hall effect sensor calibration
2018-11-07 16:13:31.268 INFO  [1544] Imported Haptic Paddle hall effect sensor calibration
2018-11-07 16:13:31.270 INFO  [1544] Imported Haptic Paddle hall effect sensor calibration
2018-11-07 16:13:31.274 INFO  [1544] Imported Haptic Paddle hall effect sensor calibration
2018-11-07 16:13:31.278 INFO  [1544] Imported Haptic Paddle hall effect sensor calibration
2018-11-07 16:13:31.281 INFO  [1544] Imported Haptic Paddle hall effect sensor calibration
2018-11-07 16:13:31.285 INFO  [1544] Imported Haptic Paddle hall effect sensor calibration
2018-11-07 16:13:31.288 INFO  [1544] Imported Haptic Paddle hall effect sensor calibration
2018-11-07 16:13:31.291 INFO  [1544] Imported Haptic Paddle hall effect sensor calibration
2018-11-07 16:13:31.296 INFO  [1544] Imported Haptic Paddle hall effect sensor calibration
2018-11-07 16:13:31.299 INFO  [1544] Imported Haptic Paddle hall effect sensor calibration
2018-11-07 16:13:31.302 INFO  [1544] Imported Haptic Paddle hall effect sensor calibration
2018-11-07 16:13:31.306 INFO  [1544] Imported Haptic Paddle hall effect sensor calibration
2018-11-07 16:13:31.310 INFO  [1544] Imported Haptic Paddle hall effect sensor calibration
2018-11-07 16:13:31.313 INFO  [1544] Imported Haptic Paddle hall effect sensor calibration
2018-11-07 16:13:31.318 INFO  [1544] Imported Haptic Paddle hall effect sensor calibration
2018-11-07 16:13:31.321 INFO  [1544] Imported Haptic Paddle hall effect sensor calibration
2018-11-07 16:13:31.324 INFO  [1544] Imported Haptic Paddle hall effect sensor calibration
2018-11-07 16:13:31.326 INFO  [1544] Imported Haptic Paddle hall effect sensor calibration
2018-11-07 16:13:31.332 INFO  [1544] Imported Haptic Paddle hall effect sensor calibration
2018-11-07 16:13:31.335 INFO  [1544] Imported Haptic Paddle hall effect sensor calibration
2018-11-07 16:13:31.338 INFO  [1544] Imported Haptic Paddle hall effect sensor calibration
2018-11-07 16:13:31.343 INFO  [1544] Imported Haptic Paddle hall effect sensor calibration
2018-11-07 16:13:31.347 INFO  [1544] Imported Haptic Paddle hall effect sensor calibration
2018-11-07 16:13:31.349 INFO  [1544] Imported Haptic Paddle hall effect sensor calibration
2018-11-07 16:13:31.353 INFO  [1544] Imported Haptic Paddle hall effect sensor calibration
2018-11-07 16:13:31.357 INFO  [1544] Imported Haptic Paddle hall effect sensor calibration
2018-11-07 16:13:31.359 INFO  [1544] Imported Haptic Paddle hall effect sensor calibration
2018-11-07 16:13:31.364 INFO  [1544] Imported Haptic Paddle hall effect sensor calibration
2018-11-07 16:13:31.368 INFO  [1544] Imported Haptic Paddle hall effect sensor calibration
2018-11-07 16:13:31.371 INFO  [1544] Imported Haptic Paddle hall effect sensor calibration
2018-11-07 16:13:31.376 INFO  [1544] Imported Haptic Paddle hall effect sensor calibration
2018-11-07 16:13:31.381 INFO  [1544] Imported Haptic Paddle hall effect sensor calibration
2018-11-07 16:13:31.384 INFO  [1544] Imported Haptic Paddle hall effect sensor calibration
2018-11-07 16:13:31.388 INFO  [1544] Imported Haptic Paddle hall effect sensor calibration
2018-11-07 16:13:31.392 INFO  [1544] Imported Haptic Paddle hall effect sensor calibration
2018-11-07 16:13:31.398 INFO  [1544] Imported Haptic Paddle hall effect sensor calibration
2018-11-07 16:13:31.402 INFO  [1544] Imported Haptic Paddle hall effect sensor calibration
2018-11-07 16:13:31.405 INFO  [1544] Imported Haptic Paddle hall effect sensor calibration
2018-11-07 16:13:31.413 INFO  [1544] Imported Haptic Paddle hall effect sensor calibration
2018-11-07 16:13:31.416 INFO  [1544] Imported Haptic Paddle hall effect sensor calibration
2018-11-07 16:13:31.420 INFO  [1544] Imported Haptic Paddle hall effect sensor calibration
2018-11-07 16:13:31.425 INFO  [1544] Imported Haptic Paddle hall effect sensor calibration
2018-11-07 16:13:31.429 INFO  [1544] Imported Haptic Paddle hall effect sensor calibration
2018-11-07 16:13:31.435 INFO  [1544] Imported Haptic Paddle hall effect sensor calibration
2018-11-07 16:13:31.441 INFO  [1544] Imported Haptic Paddle hall effect sensor calibration
2018-11-07 16:13:31.447 INFO  [1544] Imported Haptic Paddle hall effect sensor calibration
2018-11-07 16:13:31.449 INFO  [1544] Imported Haptic Paddle hall effect sensor calibration
2018-11-07 16:13:31.454 INFO  [1544] Imported Haptic Paddle hall effect sensor calibration
2018-11-07 16:13:31.459 INFO  [1544] Imported Haptic Paddle hall effect sensor calibration
2018-11-07 16:13:31.462 INFO  [1544] Imported Haptic Paddle hall effect sensor calibration
2018-11-07 16:13:31.467 INFO  [1544] Imported Haptic Paddle hall effect sensor calibration
2018-11-07 16:13:31.470 INFO  [1544] Imported Haptic Paddle hall effect sensor calibration
2018-11-07 16:13:31.472 INFO  [1544] Imported Haptic Paddle hall effect sensor calibration
2018-11-07 16:13:31.477 INFO  [1544] Imported Haptic Paddle hall effect sensor calibration
2018-11-07 16:13:31.481 INFO  [1544] Imported Haptic Paddle hall effect sensor calibration
2018-11-07 16:13:31.484 INFO  [1544] Imported Haptic Paddle hall effect sensor calibration
2018-11-07 16:13:31.488 INFO  [1544] Imported Haptic Paddle hall effect sensor calibration
2018-11-07 16:13:31.492 INFO  [1544] Imported Haptic Paddle hall effect sensor calibration
2018-11-07 16:13:31.495 INFO  [1544] Imported Haptic Paddle hall effect sensor calibration
2018-11-07 16:13:31.500 INFO  [1544] Imported Haptic Paddle hall effect sensor calibration
2018-11-07 16:13:31.504 INFO  [1544] Imported Haptic Paddle hall effect sensor calibration
2018-11-07 16:13:31.506 INFO  [1544] Imported Haptic Paddle hall effect sensor calibration
2018-11-07 16:13:31.510 INFO  [1544] Imported Haptic Paddle hall effect sensor calibration
2018-11-07 16:13:31.515 INFO  [1544] Imported Haptic Paddle hall effect sensor calibration
2018-11-07 16:13:31.517 INFO  [1544] Imported Haptic Paddle hall effect sensor calibration
2018-11-07 16:13:31.523 INFO  [1544] Imported Haptic Paddle hall effect sensor calibration
2018-11-07 16:13:31.526 INFO  [1544] Imported Haptic Paddle hall effect sensor calibration
2018-11-07 16:13:31.533 INFO  [1544] Imported Haptic Paddle hall effect sensor calibration
2018-11-07 16:13:31.537 INFO  [1544] Imported Haptic Paddle hall effect sensor calibration
2018-11-07 16:13:31.540 INFO  [1544] Imported Haptic Paddle hall effect sensor calibration
2018-11-07 16:13:31.545 INFO  [1544] Imported Haptic Paddle hall effect sensor calibration
2018-11-07 16:13:31.548 INFO  [1544] Imported Haptic Paddle hall effect sensor calibration
2018-11-07 16:13:31.550 INFO  [1544] Imported Haptic Paddle hall effect sensor calibration
2018-11-07 16:13:31.556 INFO  [1544] Imported Haptic Paddle hall effect sensor calibration
2018-11-07 16:13:31.560 INFO  [1544] Imported Haptic Paddle hall effect sensor calibration
2018-11-07 16:13:31.563 INFO  [1544] Imported Haptic Paddle hall effect sensor calibration
2018-11-07 16:13:31.567 INFO  [1544] Imported Haptic Paddle hall effect sensor calibration
2018-11-07 16:13:31.571 INFO  [1544] Imported Haptic Paddle hall effect sensor calibration
2018-11-07 16:13:31.574 INFO  [1544] Imported Haptic Paddle hall effect sensor calibration
2018-11-07 16:13:31.580 INFO  [1544] Imported Haptic Paddle hall effect sensor calibration
2018-11-07 16:13:31.583 INFO  [1544] Imported Haptic Paddle hall effect sensor calibration
2018-11-07 16:13:31.586 INFO  [1544] Imported Haptic Paddle hall effect sensor calibration
2018-11-07 16:13:31.593 INFO  [1544] Imported Haptic Paddle hall effect sensor calibration
2018-11-07 16:13:31.597 INFO  [1544] Imported Haptic Paddle hall effect sensor calibration
2018-11-07 16:13:31.603 INFO  [1544] Imported Haptic Paddle hall effect sensor calibration
2018-11-07 16:13:31.607 INFO  [1544] Imported Haptic Paddle hall effect sensor calibration
2018-11-07 16:13:31.612 INFO  [1544] Imported Haptic Paddle hall effect sensor calibration
2018-11-07 16:13:31.615 INFO  [1544] Imported Haptic Paddle hall effect sensor calibration
2018-11-07 16:13:31.619 INFO  [1544] Imported Haptic Paddle hall effect sensor calibration
2018-11-07 16:13:31.624 INFO  [1544] Imported Haptic Paddle hall effect sensor calibration
2018-11-07 16:13:31.627 INFO  [1544] Imported Haptic Paddle hall effect sensor calibration
2018-11-07 16:13:31.630 INFO  [1544] Imported Haptic Paddle hall effect sensor calibration
2018-11-07 16:13:31.633 INFO  [1544] Imported Haptic Paddle hall effect sensor calibration
2018-11-07 16:13:31.637 INFO  [1544] Imported Haptic Paddle hall effect sensor calibration
2018-11-07 16:13:31.638 INFO  [1544] Imported Haptic Paddle hall effect sensor calibration
2018-11-07 16:13:31.640 INFO  [1544] Imported Haptic Paddle hall effect sensor calibration
2018-11-07 16:13:31.644 INFO  [1544] Imported Haptic Paddle hall effect sensor calibration
2018-11-07 16:13:31.647 INFO  [1544] Imported Haptic Paddle hall effect sensor calibration
2018-11-07 16:13:31.649 INFO  [1544] Imported Haptic Paddle hall effect sensor calibration
2018-11-07 16:13:31.651 INFO  [1544] Imported Haptic Paddle hall effect sensor calibration
2018-11-07 16:13:31.654 INFO  [1544] Imported Haptic Paddle hall effect sensor calibration
2018-11-07 16:13:31.658 INFO  [1544] Imported Haptic Paddle hall effect sensor calibration
2018-11-07 16:13:31.659 INFO  [1544] Imported Haptic Paddle hall effect sensor calibration
2018-11-07 16:13:31.662 INFO  [1544] Imported Haptic Paddle hall effect sensor calibration
2018-11-07 16:13:31.665 INFO  [1544] Imported Haptic Paddle hall effect sensor calibration
2018-11-07 16:13:31.668 INFO  [1544] Imported Haptic Paddle hall effect sensor calibration
2018-11-07 16:13:31.669 INFO  [1544] Imported Haptic Paddle hall effect sensor calibration
2018-11-07 16:13:31.671 INFO  [1544] Imported Haptic Paddle hall effect sensor calibration
2018-11-07 16:13:31.673 INFO  [1544] Imported Haptic Paddle hall effect sensor calibration
2018-11-07 16:13:31.676 INFO  [1544] Imported Haptic Paddle hall effect sensor calibration
2018-11-07 16:13:31.680 INFO  [1544] Imported Haptic Paddle hall effect sensor calibration
2018-11-07 16:13:31.682 INFO  [1544] Imported Haptic Paddle hall effect sensor calibration
2018-11-07 16:13:31.683 INFO  [1544] Imported Haptic Paddle hall effect sensor calibration
2018-11-07 16:13:31.685 INFO  [1544] Imported Haptic Paddle hall effect sensor calibration
2018-11-07 16:13:31.691 INFO  [1544] Imported Haptic Paddle hall effect sensor calibration
2018-11-07 16:13:31.693 INFO  [1544] Imported Haptic Paddle hall effect sensor calibration
2018-11-07 16:13:31.695 INFO  [1544] Imported Haptic Paddle hall effect sensor calibration
2018-11-07 16:13:31.698 INFO  [1544] Imported Haptic Paddle hall effect sensor calibration
2018-11-07 16:13:31.701 INFO  [1544] Imported Haptic Paddle hall effect sensor calibration
2018-11-07 16:13:31.703 INFO  [1544] Imported Haptic Paddle hall effect sensor calibration
2018-11-07 16:13:31.704 INFO  [1544] Imported Haptic Paddle hall effect sensor calibration
2018-11-07 16:13:31.707 INFO  [1544] Imported Haptic Paddle hall effect sensor calibration
2018-11-07 16:13:31.711 INFO  [1544] Imported Haptic Paddle hall effect sensor calibration
2018-11-07 16:13:31.713 INFO  [1544] Imported Haptic Paddle hall effect sensor calibration
2018-11-07 16:13:31.714 INFO  [1544] Imported Haptic Paddle hall effect sensor calibration
2018-11-07 16:13:31.717 INFO  [1544] Imported Haptic Paddle hall effect sensor calibration
2018-11-07 16:13:31.720 INFO  [1544] Imported Haptic Paddle hall effect sensor calibration
2018-11-07 16:13:31.722 INFO  [1544] Imported Haptic Paddle hall effect sensor calibration
2018-11-07 16:13:31.723 INFO  [1544] Imported Haptic Paddle hall effect sensor calibration
2018-11-07 16:13:31.725 INFO  [1544] Imported Haptic Paddle hall effect sensor calibration
2018-11-07 16:13:31.729 INFO  [1544] Imported Haptic Paddle hall effect sensor calibration
2018-11-07 16:13:31.731 INFO  [1544] Imported Haptic Paddle hall effect sensor calibration
2018-11-07 16:13:31.732 INFO  [1544] Imported Haptic Paddle hall effect sensor calibration
2018-11-07 16:13:31.734 INFO  [1544] Imported Haptic Paddle hall effect sensor calibration
2018-11-07 16:13:31.735 INFO  [1544] Imported Haptic Paddle hall effect sensor calibration
2018-11-07 16:13:31.738 INFO  [1544] Imported Haptic Paddle hall effect sensor calibration
2018-11-07 16:13:31.741 INFO  [1544] Imported Haptic Paddle hall effect sensor calibration
2018-11-07 16:13:31.743 INFO  [1544] Imported Haptic Paddle hall effect sensor calibration
2018-11-07 16:13:31.745 INFO  [1544] Imported Haptic Paddle hall effect sensor calibration
2018-11-07 16:13:31.746 INFO  [1544] Imported Haptic Paddle hall effect sensor calibration
2018-11-07 16:13:31.749 INFO  [1544] Imported Haptic Paddle hall effect sensor calibration
2018-11-07 16:13:31.752 INFO  [1544] Imported Haptic Paddle hall effect sensor calibration
2018-11-07 16:13:31.754 INFO  [1544] Imported Haptic Paddle hall effect sensor calibration
2018-11-07 16:13:31.756 INFO  [1544] Imported Haptic Paddle hall effect sensor calibration
2018-11-07 16:13:31.757 INFO  [1544] Imported Haptic Paddle hall effect sensor calibration
2018-11-07 16:13:31.761 INFO  [1544] Imported Haptic Paddle hall effect sensor calibration
2018-11-07 16:13:31.764 INFO  [1544] Imported Haptic Paddle hall effect sensor calibration
2018-11-07 16:13:31.765 INFO  [1544] Imported Haptic Paddle hall effect sensor calibration
2018-11-07 16:13:31.767 INFO  [1544] Imported Haptic Paddle hall effect sensor calibration
2018-11-07 16:13:31.768 INFO  [1544] Imported Haptic Paddle hall effect sensor calibration
2018-11-07 16:13:31.771 INFO  [1544] Imported Haptic Paddle hall effect sensor calibration
2018-11-07 16:13:31.774 INFO  [1544] Imported Haptic Paddle hall effect sensor calibration
2018-11-07 16:13:31.776 INFO  [1544] Imported Haptic Paddle hall effect sensor calibration
2018-11-07 16:13:31.778 INFO  [1544] Imported Haptic Paddle hall effect sensor calibration
2018-11-07 16:13:31.781 INFO  [1544] Imported Haptic Paddle hall effect sensor calibration
2018-11-07 16:13:31.785 INFO  [1544] Imported Haptic Paddle hall effect sensor calibration
2018-11-07 16:13:31.786 INFO  [1544] Imported Haptic Paddle hall effect sensor calibration
2018-11-07 16:13:31.788 INFO  [1544] Imported Haptic Paddle hall effect sensor calibration
2018-11-07 16:13:31.789 INFO  [1544] Imported Haptic Paddle hall effect sensor calibration
2018-11-07 16:13:31.793 INFO  [1544] Imported Haptic Paddle hall effect sensor calibration
2018-11-07 16:13:31.797 INFO  [1544] Imported Haptic Paddle hall effect sensor calibration
2018-11-07 16:13:31.799 INFO  [1544] Imported Haptic Paddle hall effect sensor calibration
2018-11-07 16:13:31.803 INFO  [1544] Imported Haptic Paddle hall effect sensor calibration
2018-11-07 16:13:31.806 INFO  [1544] Imported Haptic Paddle hall effect sensor calibration
2018-11-07 16:13:31.807 INFO  [1544] Imported Haptic Paddle hall effect sensor calibration
2018-11-07 16:13:31.809 INFO  [1544] Imported Haptic Paddle hall effect sensor calibration
2018-11-07 16:13:31.813 INFO  [1544] Imported Haptic Paddle hall effect sensor calibration
2018-11-07 16:13:31.817 INFO  [1544] Imported Haptic Paddle hall effect sensor calibration
2018-11-07 16:13:31.819 INFO  [1544] Imported Haptic Paddle hall effect sensor calibration
2018-11-07 16:13:31.820 INFO  [1544] Imported Haptic Paddle hall effect sensor calibration
2018-11-07 16:13:31.823 INFO  [1544] Imported Haptic Paddle hall effect sensor calibration
2018-11-07 16:13:31.826 INFO  [1544] Imported Haptic Paddle hall effect sensor calibration
2018-11-07 16:13:31.829 INFO  [1544] Imported Haptic Paddle hall effect sensor calibration
2018-11-07 16:13:31.834 INFO  [1544] Imported Haptic Paddle hall effect sensor calibration
2018-11-07 16:13:31.837 INFO  [1544] Imported Haptic Paddle hall effect sensor calibration
2018-11-07 16:13:31.840 INFO  [1544] Imported Haptic Paddle hall effect sensor calibration
2018-11-07 16:13:31.841 INFO  [1544] Imported Haptic Paddle hall effect sensor calibration
2018-11-07 16:13:31.847 INFO  [1544] Imported Haptic Paddle hall effect sensor calibration
2018-11-07 16:13:31.850 INFO  [1544] Imported Haptic Paddle hall effect sensor calibration
2018-11-07 16:13:31.852 INFO  [1544] Imported Haptic Paddle hall effect sensor calibration
2018-11-07 16:13:31.856 INFO  [1544] Imported Haptic Paddle hall effect sensor calibration
2018-11-07 16:13:31.859 INFO  [1544] Imported Haptic Paddle hall effect sensor calibration
2018-11-07 16:13:31.862 INFO  [1544] Imported Haptic Paddle hall effect sensor calibration
2018-11-07 16:13:31.865 INFO  [1544] Imported Haptic Paddle hall effect sensor calibration
2018-11-07 16:13:31.868 INFO  [1544] Imported Haptic Paddle hall effect sensor calibration
2018-11-07 16:13:31.871 INFO  [1544] Imported Haptic Paddle hall effect sensor calibration
2018-11-07 16:13:31.872 INFO  [1544] Imported Haptic Paddle hall effect sensor calibration
2018-11-07 16:13:31.874 INFO  [1544] Imported Haptic Paddle hall effect sensor calibration
2018-11-07 16:13:31.878 INFO  [1544] Imported Haptic Paddle hall effect sensor calibration
2018-11-07 16:13:31.881 INFO  [1544] Imported Haptic Paddle hall effect sensor calibration
2018-11-07 16:13:31.883 INFO  [1544] Imported Haptic Paddle hall effect sensor calibration
2018-11-07 16:13:31.887 INFO  [1544] Imported Haptic Paddle hall effect sensor calibration
2018-11-07 16:13:31.889 INFO  [1544] Imported Haptic Paddle hall effect sensor calibration
2018-11-07 16:13:31.890 INFO  [1544] Imported Haptic Paddle hall effect sensor calibration
2018-11-07 16:13:31.891 INFO  [1544] Imported Haptic Paddle hall effect sensor calibration
2018-11-07 16:13:31.894 INFO  [1544] Imported Haptic Paddle hall effect sensor calibration
2018-11-07 16:13:31.898 INFO  [1544] Imported Haptic Paddle hall effect sensor calibration
2018-11-07 16:13:31.899 INFO  [1544] Imported Haptic Paddle hall effect sensor calibration
2018-11-07 16:13:31.900 INFO  [1544] Imported Haptic Paddle hall effect sensor calibration
2018-11-07 16:13:31.902 INFO  [1544] Imported Haptic Paddle hall effect sensor calibration
2018-11-07 16:13:31.905 INFO  [1544] Imported Haptic Paddle hall effect sensor calibration
2018-11-07 16:13:31.909 INFO  [1544] Imported Haptic Paddle hall effect sensor calibration
2018-11-07 16:13:31.910 INFO  [1544] Imported Haptic Paddle hall effect sensor calibration
2018-11-07 16:13:31.912 INFO  [1544] Imported Haptic Paddle hall effect sensor calibration
2018-11-07 16:13:31.916 INFO  [1544] Imported Haptic Paddle hall effect sensor calibration
2018-11-07 16:13:31.920 INFO  [1544] Imported Haptic Paddle hall effect sensor calibration
2018-11-07 16:13:31.921 INFO  [1544] Imported Haptic Paddle hall effect sensor calibration
2018-11-07 16:13:31.923 INFO  [1544] Imported Haptic Paddle hall effect sensor calibration
2018-11-07 16:13:31.926 INFO  [1544] Imported Haptic Paddle hall effect sensor calibration
2018-11-07 16:13:31.931 INFO  [1544] Imported Haptic Paddle hall effect sensor calibration
2018-11-07 16:13:31.932 INFO  [1544] Imported Haptic Paddle hall effect sensor calibration
2018-11-07 16:13:31.934 INFO  [1544] Imported Haptic Paddle hall effect sensor calibration
2018-11-07 16:13:31.937 INFO  [1544] Imported Haptic Paddle hall effect sensor calibration
2018-11-07 16:13:31.941 INFO  [1544] Imported Haptic Paddle hall effect sensor calibration
2018-11-07 16:13:31.942 INFO  [1544] Imported Haptic Paddle hall effect sensor calibration
2018-11-07 16:13:31.946 INFO  [1544] Imported Haptic Paddle hall effect sensor calibration
2018-11-07 16:13:31.949 INFO  [1544] Imported Haptic Paddle hall effect sensor calibration
2018-11-07 16:13:31.950 INFO  [1544] Imported Haptic Paddle hall effect sensor calibration
2018-11-07 16:13:31.951 INFO  [1544] Imported Haptic Paddle hall effect sensor calibration
2018-11-07 16:13:31.952 INFO  [1544] Imported Haptic Paddle hall effect sensor calibration
2018-11-07 16:13:31.953 INFO  [1544] Imported Haptic Paddle hall effect sensor calibration
2018-11-07 16:13:31.954 INFO  [1544] Imported Haptic Paddle hall effect sensor calibration
2018-11-07 16:13:31.957 INFO  [1544] Imported Haptic Paddle hall effect sensor calibration
2018-11-07 16:13:31.960 INFO  [1544] Imported Haptic Paddle hall effect sensor calibration
2018-11-07 16:13:31.962 INFO  [1544] Imported Haptic Paddle hall effect sensor calibration
2018-11-07 16:13:31.963 INFO  [1544] Imported Haptic Paddle hall effect sensor calibration
2018-11-07 16:13:31.964 INFO  [1544] Imported Haptic Paddle hall effect sensor calibration
2018-11-07 16:13:31.966 INFO  [1544] Imported Haptic Paddle hall effect sensor calibration
2018-11-07 16:13:31.969 INFO  [1544] Imported Haptic Paddle hall effect sensor calibration
2018-11-07 16:13:31.971 INFO  [1544] Imported Haptic Paddle hall effect sensor calibration
2018-11-07 16:13:31.972 INFO  [1544] Imported Haptic Paddle hall effect sensor calibration
2018-11-07 16:13:31.973 INFO  [1544] Imported Haptic Paddle hall effect sensor calibration
2018-11-07 16:13:31.976 INFO  [1544] Imported Haptic Paddle hall effect sensor calibration
2018-11-07 16:13:31.981 INFO  [1544] Imported Haptic Paddle hall effect sensor calibration
2018-11-07 16:13:31.982 INFO  [1544] Imported Haptic Paddle hall effect sensor calibration
2018-11-07 16:13:31.983 INFO  [1544] Imported Haptic Paddle hall effect sensor calibration
2018-11-07 16:13:31.985 INFO  [1544] Imported Haptic Paddle hall effect sensor calibration
2018-11-07 16:13:31.987 INFO  [1544] Imported Haptic Paddle hall effect sensor calibration
2018-11-07 16:13:31.990 INFO  [1544] Imported Haptic Paddle hall effect sensor calibration
2018-11-07 16:13:31.991 INFO  [1544] Imported Haptic Paddle hall effect sensor calibration
2018-11-07 16:13:31.992 INFO  [1544] Imported Haptic Paddle hall effect sensor calibration
2018-11-07 16:13:31.993 INFO  [1544] Imported Haptic Paddle hall effect sensor calibration
2018-11-07 16:13:31.995 INFO  [1544] Imported Haptic Paddle hall effect sensor calibration
2018-11-07 16:13:31.998 INFO  [1544] Imported Haptic Paddle hall effect sensor calibration
2018-11-07 16:13:32.002 INFO  [1544] Imported Haptic Paddle hall effect sensor calibration
2018-11-07 16:13:32.004 INFO  [1544] Imported Haptic Paddle hall effect sensor calibration
2018-11-07 16:13:32.009 INFO  [1544] Imported Haptic Paddle hall effect sensor calibration
2018-11-07 16:13:32.014 INFO  [1544] Imported Haptic Paddle hall effect sensor calibration
2018-11-07 16:13:32.016 INFO  [1544] Imported Haptic Paddle hall effect sensor calibration
2018-11-07 16:13:32.021 INFO  [1544] Imported Haptic Paddle hall effect sensor calibration
2018-11-07 16:13:32.025 INFO  [1544] Imported Haptic Paddle hall effect sensor calibration
2018-11-07 16:13:32.026 INFO  [1544] Imported Haptic Paddle hall effect sensor calibration
2018-11-07 16:13:32.029 INFO  [1544] Imported Haptic Paddle hall effect sensor calibration
